make all --print-data-base --no-builtin-variables --no-builtin-rules --question
# GNU Make 3.81
# Copyright (C) 2006  Free Software Foundation, Inc.
# This is free software; see the source for copying conditions.
# There is NO warranty; not even for MERCHANTABILITY or FITNESS FOR A
# PARTICULAR PURPOSE.

# This program built for i386-apple-darwin11.3.0
 
make: *** No rule to make target `src/dijkstra.o', needed by `lem-in'.  Stop.


# Make data base, printed on Sat Aug  6 07:53:08 2022

# Variables

# automatic
<D = $(patsubst %/,%,$(dir $<))
# automatic
?F = $(notdir $?)
# environment
VSCODE_LOG_NATIVE = false
# automatic
?D = $(patsubst %/,%,$(dir $?))
# automatic
@D = $(patsubst %/,%,$(dir $@))
# automatic
@F = $(notdir $@)
# makefile
CURDIR := /Users/epfennig/Desktop/lem-in
# makefile
SHELL = /bin/sh
# makefile (from `Makefile', line 19)
RM = rm -f
# environment
VSCODE_NLS_CONFIG = {"locale":"en-us","availableLanguages":{},"_languagePackSupport":true}
# environment
_ = /usr/bin/make
# makefile (from `Makefile', line 18)
CFLAGS = -Wall -Wextra -Werror 
# makefile (from `Makefile', line 1)
MAKEFILE_LIST :=  Makefile
# makefile (from `Makefile', line 14)
VISU_OBJS = $(VISU_SRCS:.c=.o)
# environment
VSCODE_VERBOSE_LOGGING = true
# makefile (from `Makefile', line 12)
OBJS = $(SRCS:.c=.o)
# environment
VSCODE_IPC_HOOK_EXTHOST = /var/folders/zz/zyxvpxvq6csfxvn_n0000hnw00045g/T/vscode-ipc-099abf20-f6ae-4ff2-ab34-84d84a7f53ce.sock
# environment
VSCODE_CWD = /
# environment
Apple_PubSub_Socket_Render = /private/tmp/com.apple.launchd.ig6wY4ETTv/Render
# makefile (from `Makefile', line 7)
GENER_SRCS = $(wildcard generate/*.c) $(wildcard lib/libft/*.c)
# environment
PATH = /usr/bin:/bin:/usr/sbin:/sbin
# environment
VSCODE_LOG_STACK = false
# environment
ELECTRON_RUN_AS_NODE = 1
# default
.FEATURES := target-specific order-only second-expansion else-if archives jobserver check-symlink
# environment
SSH_AUTH_SOCK = /private/tmp/com.apple.launchd.Oam2O7Shbx/Listeners
# automatic
%F = $(notdir $%)
# environment
VSCODE_PIPE_LOGGING = true
# environment
PWD = /Users/epfennig/Desktop/lem-in
# environment
ORIGINAL_XDG_CURRENT_DESKTOP = undefined
# environment
VSCODE_AMD_ENTRYPOINT = vs/workbench/api/node/extensionHostProcess
# environment
HOME = /Users/epfennig
# makefile (from `Makefile', line 8)
VISU_SRCS = $(wildcard visualize/*.c) $(wildcard lib/libft/*.c) src/rooms_utils.c src/parser.c
# default
MAKEFILEPATH := /Applications/Xcode.app/Contents/Developer/Makefiles
# environment
VSCODE_CODE_CACHE_PATH = /Users/epfennig/Library/Application Support/Code/CachedData/c3511e6c69bb39013c4a4b7b9566ec1ca73fc4d5
# environment
LOGNAME = epfennig
# environment
APPLICATION_INSIGHTS_NO_DIAGNOSTIC_CHANNEL = 1
# environment
VSCODE_HANDLES_UNCAUGHT_ERRORS = true
# automatic
^D = $(patsubst %/,%,$(dir $^))
# makefile (from `Makefile', line 2)
GENER_NAME = generator
# environment
XPC_FLAGS = 0x0
# default
MAKE = $(MAKE_COMMAND)
# default
MAKECMDGOALS := all
# makefile (from `Makefile', line 6)
SRCS = $(wildcard src/*.c) $(wildcard lib/libft/*.c)
# environment
SHLVL = 1
# makefile (from `Makefile', line 17)
CC = gcc
# default
MAKE_VERSION := 3.81
# environment
USER = epfennig
# makefile
.DEFAULT_GOAL := all
# makefile (from `Makefile', line 1)
NAME = lem-in
# automatic
%D = $(patsubst %/,%,$(dir $%))
# default
MAKE_COMMAND := /Applications/Xcode.app/Contents/Developer/usr/bin/make
# default
.VARIABLES := 
# environment
TMPDIR = /var/folders/zz/zyxvpxvq6csfxvn_n0000hnw00045g/T/
# automatic
*F = $(notdir $*)
# environment
VSCODE_IPC_HOOK = /Users/epfennig/Library/Application Support/Code/1.67.2-main.sock
# makefile
MAKEFLAGS = Rrqp
# environment
MFLAGS = -Rrqp
# automatic
*D = $(patsubst %/,%,$(dir $*))
# environment
XPC_SERVICE_NAME = com.apple.xpc.launchd.oneshot.0x10000002.Electron
# automatic
+D = $(patsubst %/,%,$(dir $+))
# automatic
+F = $(notdir $+)
# makefile (from `Makefile', line 3)
VISU_NAME = visualizer
# environment
__CF_USER_TEXT_ENCODING = 0x10AF:0x0:0x0
# environment
COMMAND_MODE = unix2003
# default
MAKEFILES := 
# automatic
<F = $(notdir $<)
# environment
LC_ALL = C
# environment
SECURITYSESSIONID = 186a8
# automatic
^F = $(notdir $^)
# makefile (from `Makefile', line 13)
GENER_OBJS = $(GENER_SRCS:.c=.o)
# default
SUFFIXES := 
# default
.INCLUDE_DIRS = /usr/local/include
# environment
MAKELEVEL := 0
# environment
LANG = C
# environment
VSCODE_PID = 13295
# variable set hash-table stats:
# Load=75/1024=7%, Rehash=0, Collisions=3/107=3%

# Pattern-specific Variable Values

# No pattern-specific variable values.

# Directories

# generate (device 16777224, inode 425351): 3 files, no impossibilities.
# . (device 16777224, inode 425286): 13 files, no impossibilities.
# visualize (device 16777224, inode 425476): 7 files, no impossibilities.
# lib/libft (device 16777224, inode 425357): 22 files, no impossibilities.
# src (device 16777224, inode 425471): 12 files, no impossibilities.

# 57 files, no impossibilities in 5 directories.

# Implicit Rules

# No implicit rules.

# Files

# Not a target:
src/paths.o:
#  Implicit rule search has not been done.
#  Modification time never checked.
#  File has not been updated.

all: lem-in generator visualizer
#  Phony target (prerequisite of .PHONY).
#  Command-line target.
#  Implicit rule search has not been done.
#  File does not exist.
#  File has not been updated.
# variable set hash-table stats:
# Load=0/32=0%, Rehash=0, Collisions=0/0=0%

# Not a target:
src/get_next_line.o:
#  Implicit rule search has not been done.
#  Modification time never checked.
#  File has not been updated.

# Not a target:
src/rooms_utils.o:
#  Implicit rule search has not been done.
#  Modification time never checked.
#  File has not been updated.

.PHONY: clean fclean re all
#  Implicit rule search has not been done.
#  Modification time never checked.
#  File has not been updated.

# Not a target:
src/main.o:
#  Implicit rule search has not been done.
#  Modification time never checked.
#  File has not been updated.

# Not a target:
lib/libft/ft_strcmp.o:
#  Implicit rule search has not been done.
#  Modification time never checked.
#  File has not been updated.

# Not a target:
lib/libft/ft_strdup.o:
#  Implicit rule search has not been done.
#  Modification time never checked.
#  File has not been updated.

# Not a target:
lib/libft/ft_strchr.o:
#  Implicit rule search has not been done.
#  Modification time never checked.
#  File has not been updated.

# Not a target:
visualize/get_next_line.o:
#  Implicit rule search has not been done.
#  Modification time never checked.
#  File has not been updated.

# Not a target:
src/solve.o:
#  Implicit rule search has not been done.
#  Modification time never checked.
#  File has not been updated.

# Not a target:
lib/libft/ft_malloc.o:
#  Implicit rule search has not been done.
#  Modification time never checked.
#  File has not been updated.

# Not a target:
.SUFFIXES:
#  Implicit rule search has not been done.
#  Modification time never checked.
#  File has not been updated.

# Not a target:
visualize/main.o:
#  Implicit rule search has not been done.
#  Modification time never checked.
#  File has not been updated.

# Not a target:
Makefile:
#  Implicit rule search has been done.
#  Last modified 2022-08-06 05:44:56
#  File has been updated.
#  Successfully updated.
# variable set hash-table stats:
# Load=0/32=0%, Rehash=0, Collisions=0/0=0%

# Not a target:
lib/libft/ft_putstr_fd.o:
#  Implicit rule search has not been done.
#  Modification time never checked.
#  File has not been updated.

generator: generate/generator.o lib/libft/ft_atoi.o lib/libft/ft_exit_error.o lib/libft/ft_isdigit.o lib/libft/ft_isspace.o lib/libft/ft_itoa.o lib/libft/ft_malloc.o lib/libft/ft_memalloc.o lib/libft/ft_pushback.o lib/libft/ft_putnbr.o lib/libft/ft_putnbr_fd.o lib/libft/ft_putstr.o lib/libft/ft_putstr_fd.o lib/libft/ft_split.o lib/libft/ft_strchr.o lib/libft/ft_strcmp.o lib/libft/ft_strdup.o lib/libft/ft_strfree.o lib/libft/ft_strjoin.o lib/libft/ft_strlen.o lib/libft/ft_substr.o
#  Implicit rule search has not been done.
#  Modification time never checked.
#  File has not been updated.
#  commands to execute (from `Makefile', line 27):
	${CC} ${CFLAGS} ${GENER_OBJS} -o ${GENER_NAME}
	

# Not a target:
lib/libft/ft_atoi.o:
#  Implicit rule search has not been done.
#  Modification time never checked.
#  File has not been updated.

# Not a target:
lib/libft/ft_putnbr.o:
#  Implicit rule search has not been done.
#  Modification time never checked.
#  File has not been updated.

# Not a target:
lib/libft/ft_strfree.o:
 
#  Implicit rule search has not been done.
#  Modification time never checked.
#  File has not been updated.

fclean: clean
#  Phony target (prerequisite of .PHONY).
#  Implicit rule search has not been done.
#  File does not exist.
#  File has not been updated.
#  commands to execute (from `Makefile', line 38):
	${RM} $(NAME)
	${RM} ${GENER_NAME}
	${RM} ${VISU_NAME}
	

# Not a target:
src/dijkstra.o:
#  Implicit rule search has been done.
#  File does not exist.
#  File has not been updated.
# variable set hash-table stats:
# Load=0/32=0%, Rehash=0, Collisions=0/0=0%

# Not a target:
lib/libft/ft_itoa.o:
#  Implicit rule search has not been done.
#  Modification time never checked.
#  File has not been updated.

# Not a target:
lib/libft/ft_strlen.o:
#  Implicit rule search has not been done.
#  Modification time never checked.
#  File has not been updated.

# Not a target:
lib/libft/ft_isdigit.o:
#  Implicit rule search has not been done.
#  Modification time never checked.
#  File has not been updated.

# Not a target:
lib/libft/ft_isspace.o:
#  Implicit rule search has not been done.
#  Modification time never checked.
#  File has not been updated.

# Not a target:
.DEFAULT:
#  Implicit rule search has not been done.
#  Modification time never checked.
#  File has not been updated.

# Not a target:
generate/generator.o:
#  Implicit rule search has not been done.
#  Modification time never checked.
#  File has not been updated.

re: fclean all
#  Phony target (prerequisite of .PHONY).
#  Implicit rule search has not been done.
#  File does not exist.
#  File has not been updated.

# Not a target:
lib/libft/ft_memalloc.o:
#  Implicit rule search has not been done.
#  Modification time never checked.
#  File has not been updated.

# Not a target:
src/printer.o:
#  Implicit rule search has not been done.
#  Modification time never checked.
#  File has not been updated.

# Not a target:
lib/libft/ft_strjoin.o:
#  Implicit rule search has not been done.
#  Modification time never checked.
#  File has not been updated.

# Not a target:
lib/libft/ft_split.o:
#  Implicit rule search has not been done.
#  Modification time never checked.
#  File has not been updated.

# Not a target:
lib/libft/ft_exit_error.o:
#  Implicit rule search has not been done.
#  Modification time never checked.
#  File has not been updated.

# Not a target:
visualize/draw_utils.o:
#  Implicit rule search has not been done.
#  Modification time never checked.
#  File has not been updated.

clean:
#  Phony target (prerequisite of .PHONY).
#  Implicit rule search has not been done.
#  File does not exist.
#  File has not been updated.
#  commands to execute (from `Makefile', line 33):
	${RM} $(OBJS)
	${RM} ${GENER_OBJS}
	${RM} ${VISU_OBJS}
	

# Not a target:
src/paths_utils.o:
#  Implicit rule search has not been done.
#  Modification time never checked.
#  File has not been updated.

# Not a target:
visualize/solution_parser.o:
#  Implicit rule search has not been done.
#  Modification time never checked.
#  File has not been updated.

# Not a target:
lib/libft/ft_putstr.o:
#  Implicit rule search has not been done.
#  Modification time never checked.
#  File has not been updated.

# Not a target:
lib/libft/ft_pushback.o:
#  Implicit rule search has not been done.
#  Modification time never checked.
#  File has not been updated.

# Not a target:
lib/libft/ft_putnbr_fd.o:
#  Implicit rule search has not been done.
#  Modification time never checked.
#  File has not been updated.

visualizer: visualize/draw_utils.o visualize/get_next_line.o visualize/main.o visualize/mouse_handler.o visualize/solution_parser.o lib/libft/ft_atoi.o lib/libft/ft_exit_error.o lib/libft/ft_isdigit.o lib/libft/ft_isspace.o lib/libft/ft_itoa.o lib/libft/ft_malloc.o lib/libft/ft_memalloc.o lib/libft/ft_pushback.o lib/libft/ft_putnbr.o lib/libft/ft_putnbr_fd.o lib/libft/ft_putstr.o lib/libft/ft_putstr_fd.o lib/libft/ft_split.o lib/libft/ft_strchr.o lib/libft/ft_strcmp.o lib/libft/ft_strdup.o lib/libft/ft_strfree.o lib/libft/ft_strjoin.o lib/libft/ft_strlen.o lib/libft/ft_substr.o src/rooms_utils.o src/parser.o
#  Implicit rule search has not been done.
#  Modification time never checked.
#  File has not been updated.
#  commands to execute (from `Makefile', line 30):
	${CC} ${CFLAGS} -I ~/.brew/opt/sdl2/include -L ~/.brew/opt/sdl2/lib -l SDL2-2.0.0 ${VISU_OBJS} -o ${VISU_NAME}
	

# Not a target:
src/parser.o:
#  Implicit rule search has not been done.
#  Modification time never checked.
#  File has not been updated.

# Not a target:
visualize/mouse_handler.o:
#  Implicit rule search has not been done.
#  Modification time never checked.
#  File has not been updated.

lem-in: src/dijkstra.o src/get_next_line.o src/main.o src/parser.o src/paths.o src/paths_utils.o src/printer.o src/rooms_utils.o src/solve.o lib/libft/ft_atoi.o lib/libft/ft_exit_error.o lib/libft/ft_isdigit.o lib/libft/ft_isspace.o lib/libft/ft_itoa.o lib/libft/ft_malloc.o lib/libft/ft_memalloc.o lib/libft/ft_pushback.o lib/libft/ft_putnbr.o lib/libft/ft_putnbr_fd.o lib/libft/ft_putstr.o lib/libft/ft_putstr_fd.o lib/libft/ft_split.o lib/libft/ft_strchr.o lib/libft/ft_strcmp.o lib/libft/ft_strdup.o lib/libft/ft_strfree.o lib/libft/ft_strjoin.o lib/libft/ft_strlen.o lib/libft/ft_substr.o
#  Implicit rule search has not been done.
#  File does not exist.
#  File has not been updated.
# variable set hash-table stats:
# Load=0/32=0%, Rehash=0, Collisions=0/0=0%
#  commands to execute (from `Makefile', line 24):
	$(CC) $(CFLAGS) $(OBJS) -o $(NAME)
	

# Not a target:
lib/libft/ft_substr.o:
#  Implicit rule search has not been done.
#  Modification time never checked.
#  File has not been updated.

# files hash-table stats:
# Load=46/1024=4%, Rehash=0, Collisions=4/146=3%
# VPATH Search Paths

# No `vpath' search paths.

# No general (`VPATH' variable) search path.

# # of strings in strcache: 1
# # of strcache buffers: 1
# strcache size: total = 4096 / max = 4096 / min = 4096 / avg = 4096
# strcache free: total = 4087 / max = 4087 / min = 4087 / avg = 4087

# Finished Make data base on Sat Aug  6 07:53:08 2022

 
